\BOOKMARK [0][-]{section*.2}{\376\377\000A\000c\000k\000n\000o\000w\000l\000e\000d\000g\000e\000m\000e\000n\000t\000s}{}% 1
\BOOKMARK [0][-]{chapter.4}{\376\377\000I\000n\000t\000r\000o\000d\000u\000c\000t\000i\000o\000n}{}% 2
\BOOKMARK [1][-]{section.5}{\376\377\000D\000e\000e\000p\000\040\000L\000e\000a\000r\000n\000i\000n\000g\000\040\000a\000n\000d\000\040\000A\000p\000p\000l\000i\000c\000a\000t\000i\000o\000n\000s}{chapter.4}% 3
\BOOKMARK [2][-]{subsection.6}{\376\377\000H\000i\000s\000t\000o\000r\000y}{section.5}% 4
\BOOKMARK [2][-]{subsection.7}{\376\377\000L\000e\000a\000r\000n\000i\000n\000g\000\040\000i\000n\000\040\000A\000r\000t\000i\000f\000i\000c\000i\000a\000l\000\040\000N\000e\000u\000r\000a\000l\000\040\000N\000e\000t\000w\000o\000r\000k\000s}{section.5}% 5
\BOOKMARK [2][-]{subsection.8}{\376\377\000D\000e\000e\000p\000\040\000L\000e\000a\000r\000n\000i\000n\000g}{section.5}% 6
\BOOKMARK [1][-]{section.9}{\376\377\000M\000o\000d\000e\000r\000n\000\040\000F\000P\000G\000A\000s}{chapter.4}% 7
\BOOKMARK [2][-]{subsection.10}{\376\377\000T\000h\000e\000\040\000C\000a\000s\000e\000\040\000f\000o\000r\000\040\000F\000P\000G\000A\000s}{section.9}% 8
\BOOKMARK [2][-]{subsection.12}{\376\377\000F\000P\000G\000A\000s\000\040\000v\000s\000\040\000G\000P\000U\000s}{section.9}% 9
\BOOKMARK [1][-]{section.15}{\376\377\000H\000i\000g\000h\000-\000L\000e\000v\000e\000l\000\040\000S\000y\000n\000t\000h\000e\000s\000i\000s\000\040\000a\000n\000d\000\040\000O\000p\000e\000n\000C\000L}{chapter.4}% 10
\BOOKMARK [2][-]{subsection.16}{\376\377\000F\000P\000G\000A\000\040\000W\000o\000r\000k\000f\000l\000o\000w}{section.15}% 11
\BOOKMARK [2][-]{subsection.18}{\376\377\000H\000i\000g\000h\000-\000L\000e\000v\000e\000l\000\040\000S\000y\000n\000t\000h\000e\000s\000i\000s}{section.15}% 12
\BOOKMARK [2][-]{subsection.19}{\376\377\000X\000i\000l\000i\000n\000x\000\040\000a\000n\000d\000\040\000I\000n\000t\000e\000l}{section.15}% 13
\BOOKMARK [2][-]{subsection.20}{\376\377\000O\000p\000e\000n\000C\000L\000\040\000f\000o\000r\000\040\000F\000P\000G\000A\000s}{section.15}% 14
\BOOKMARK [1][-]{section.21}{\376\377\000R\000e\000l\000a\000t\000e\000d\000\040\000W\000o\000r\000k}{chapter.4}% 15
\BOOKMARK [1][-]{section.23}{\376\377\000M\000o\000t\000i\000v\000a\000t\000i\000o\000n}{chapter.4}% 16
\BOOKMARK [1][-]{section.24}{\376\377\000O\000u\000t\000l\000i\000n\000e\000\040\000o\000f\000\040\000N\000e\000x\000t\000\040\000S\000e\000c\000t\000i\000o\000n\000s}{chapter.4}% 17
\BOOKMARK [0][-]{chapter.25}{\376\377\000D\000e\000e\000p\000\040\000N\000e\000u\000r\000a\000l\000\040\000N\000e\000t\000w\000o\000r\000k\000s\000\040\000a\000n\000d\000\040\000P\000a\000r\000a\000l\000l\000e\000l\000i\000s\000m}{}% 18
\BOOKMARK [1][-]{section.26}{\376\377\000D\000e\000e\000p\000\040\000L\000e\000a\000r\000n\000i\000n\000g\000\040\000A\000p\000p\000l\000i\000c\000a\000t\000i\000o\000n\000s}{chapter.25}% 19
\BOOKMARK [1][-]{section.27}{\376\377\000C\000o\000n\000v\000o\000l\000u\000t\000i\000o\000n\000a\000l\000\040\000N\000e\000u\000r\000a\000l\000\040\000N\000e\000t\000w\000o\000r\000k\000s}{chapter.25}% 20
\BOOKMARK [2][-]{subsection.28}{\376\377\000C\000a\000s\000e\000\040\000S\000t\000u\000d\000y\000\040\000:\000\040\000L\000e\000N\000e\000t\000-\0005}{section.27}% 21
\BOOKMARK [3][-]{section*.29}{\376\377\000A\000r\000c\000h\000i\000t\000e\000c\000t\000u\000r\000e}{subsection.28}% 22
\BOOKMARK [2][-]{subsection.32}{\376\377\000M\000o\000d\000e\000r\000n\000\040\000A\000r\000c\000h\000i\000t\000e\000c\000t\000u\000r\000e\000s}{section.27}% 23
\BOOKMARK [3][-]{section*.33}{\376\377\000A\000l\000e\000x\000N\000e\000t}{subsection.32}% 24
\BOOKMARK [3][-]{section*.35}{\376\377\000R\000e\000s\000N\000e\000t}{subsection.32}% 25
\BOOKMARK [1][-]{section.37}{\376\377\000T\000r\000a\000i\000n\000i\000n\000g\000\040\000a\000n\000d\000\040\000B\000a\000c\000k\000p\000r\000o\000p\000a\000g\000a\000t\000i\000o\000n}{chapter.25}% 26
\BOOKMARK [2][-]{section*.41}{\376\377\000G\000r\000a\000d\000i\000e\000n\000t\000\040\000D\000e\000s\000c\000e\000n\000t}{section.37}% 27
\BOOKMARK [1][-]{section.52}{\376\377\000P\000a\000r\000a\000l\000l\000e\000l\000i\000s\000m\000\040\000i\000n\000\040\000D\000e\000e\000p\000\040\000N\000e\000u\000r\000a\000l\000\040\000N\000e\000t\000w\000o\000r\000k\000s}{chapter.25}% 28
\BOOKMARK [2][-]{subsection.53}{\376\377\000D\000a\000t\000a\000\040\000P\000a\000r\000a\000l\000l\000e\000l\000i\000s\000m}{section.52}% 29
\BOOKMARK [2][-]{subsection.54}{\376\377\000M\000o\000d\000e\000l\000\040\000P\000a\000r\000a\000l\000l\000e\000l\000i\000s\000m}{section.52}% 30
\BOOKMARK [2][-]{subsection.55}{\376\377\000P\000i\000p\000e\000l\000i\000n\000e\000\040\000P\000a\000r\000a\000l\000l\000e\000l\000i\000s\000m}{section.52}% 31
\BOOKMARK [0][-]{chapter.56}{\376\377\000H\000a\000r\000d\000w\000a\000r\000e\000\040\000I\000m\000p\000l\000e\000m\000e\000n\000t\000a\000t\000i\000o\000n}{}% 32
\BOOKMARK [1][-]{section.57}{\376\377\000L\000e\000N\000e\000t\000\040\000P\000i\000l\000o\000t}{chapter.56}% 33
\BOOKMARK [1][-]{section.59}{\376\377\000L\000a\000y\000e\000r\000\040\000I\000m\000p\000l\000e\000m\000e\000n\000t\000a\000t\000i\000o\000n\000s}{chapter.56}% 34
\BOOKMARK [2][-]{subsection.60}{\376\377\000C\000o\000n\000v\000o\000l\000u\000t\000i\000o\000n\000\040\000L\000a\000y\000e\000r}{section.59}% 35
\BOOKMARK [3][-]{section*.62}{\376\377\000S\000i\000m\000p\000l\000e\000\040\000I\000m\000p\000l\000e\000m\000e\000n\000t\000a\000t\000i\000o\000n\000\040\000w\000i\000t\000h\000\040\000U\000n\000r\000o\000l\000l\000i\000n\000g}{subsection.60}% 36
\BOOKMARK [3][-]{section*.102}{\376\377\000S\000l\000i\000d\000i\000n\000g\000\040\000B\000u\000f\000f\000e\000r\000\040\000I\000m\000p\000l\000e\000m\000e\000n\000t\000a\000t\000i\000o\000n}{subsection.60}% 37
\BOOKMARK [3][-]{section*.105}{\376\377\000R\000o\000w\000-\000s\000t\000a\000t\000i\000o\000n\000a\000r\000y\000\040\000I\000m\000p\000l\000e\000m\000e\000n\000t\000a\000t\000i\000o\000n}{subsection.60}% 38
\BOOKMARK [3][-]{section*.108}{\376\377\000O\000t\000h\000e\000r\000\040\000I\000m\000p\000l\000e\000m\000e\000n\000t\000a\000t\000i\000o\000n\000s}{subsection.60}% 39
\BOOKMARK [2][-]{subsection.109}{\376\377\000M\000a\000x\000p\000o\000o\000l\000\040\000L\000a\000y\000e\000r}{section.59}% 40
\BOOKMARK [2][-]{subsection.111}{\376\377\000N\000o\000n\000-\000L\000i\000n\000e\000a\000r\000i\000t\000i\000e\000s}{section.59}% 41
\BOOKMARK [2][-]{subsection.112}{\376\377\000S\000o\000f\000t\000m\000a\000x}{section.59}% 42
\BOOKMARK [2][-]{subsection.114}{\376\377\000B\000a\000c\000k\000p\000r\000o\000p\000a\000g\000a\000t\000i\000o\000n}{section.59}% 43
\BOOKMARK [1][-]{section.118}{\376\377\000O\000p\000e\000n\000C\000L\000\040\000K\000e\000r\000n\000e\000l\000\040\000T\000e\000m\000p\000l\000a\000t\000e\000\040\000G\000e\000n\000e\000r\000a\000t\000o\000r}{chapter.56}% 44
\BOOKMARK [1][-]{section.122}{\376\377\000I\000n\000t\000e\000g\000r\000a\000t\000i\000o\000n\000\040\000w\000i\000t\000h\000\040\000D\000e\000e\000p\0005\0000\0000}{chapter.56}% 45
\BOOKMARK [0][-]{chapter.126}{\376\377\000E\000x\000p\000e\000r\000i\000m\000e\000n\000t\000s\000\040\000a\000n\000d\000\040\000R\000e\000s\000u\000l\000t\000s}{}% 46
\BOOKMARK [1][-]{section.127}{\376\377\000C\000o\000n\000v\000o\000l\000u\000t\000i\000o\000n\000\040\000I\000m\000p\000l\000e\000m\000e\000n\000t\000a\000t\000i\000o\000n\000s}{chapter.126}% 47
\BOOKMARK [2][-]{subsection.129}{\376\377\000P\000a\000r\000t\000\040\000I\000\040\000:\000\040\000S\000i\000m\000p\000l\000e\000\040\000E\000x\000a\000m\000p\000l\000e}{section.127}% 48
\BOOKMARK [2][-]{subsection.132}{\376\377\000P\000a\000r\000t\000\040\000I\000I\000\040\000:\000\040\000P\000e\000r\000f\000o\000r\000m\000a\000n\000c\000e\000\040\000i\000n\000\040\000a\000\040\000R\000e\000a\000l\000-\000C\000a\000s\000e}{section.127}% 49
\BOOKMARK [1][-]{section.136}{\376\377\000P\000i\000p\000e\000l\000i\000n\000e\000d\000\040\000v\000s\000.\000\040\000N\000o\000n\000-\000P\000i\000p\000e\000l\000i\000n\000e\000d\000\040\000I\000n\000f\000e\000r\000e\000n\000c\000e}{chapter.126}% 50
\BOOKMARK [1][-]{section.144}{\376\377\000T\000r\000a\000i\000n\000i\000n\000g\000\040\000L\000e\000N\000e\000t}{chapter.126}% 51
\BOOKMARK [2][-]{subsection.145}{\376\377\000R\000e\000c\000o\000n\000f\000i\000g\000u\000r\000a\000t\000i\000o\000n\000\040\000T\000i\000m\000e}{section.144}% 52
\BOOKMARK [3][-]{section*.148}{\376\377\000C\000h\000a\000l\000l\000e\000n\000g\000e\000s}{subsection.145}% 53
\BOOKMARK [1][-]{section.149}{\376\377\000S\000i\000m\000p\000l\000e\000\040\000C\000l\000a\000s\000s\000i\000f\000i\000e\000r}{chapter.126}% 54
\BOOKMARK [0][-]{chapter.150}{\376\377\000I\000n\000t\000e\000l\000\040\000O\000p\000e\000n\000C\000L\000\040\000S\000D\000K\000\040\000P\000r\000i\000m\000e\000r}{}% 55
\BOOKMARK [1][-]{section.151}{\376\377\000D\000e\000v\000e\000l\000o\000p\000m\000e\000n\000t\000\040\000W\000o\000r\000k\000f\000l\000o\000w}{chapter.150}% 56
\BOOKMARK [1][-]{section.160}{\376\377\000S\000i\000n\000g\000l\000e\000\040\000W\000o\000r\000k\000-\000i\000t\000e\000m\000\040\000v\000s\000\040\000N\000D\000-\000R\000a\000n\000g\000e\000\040\000K\000e\000r\000n\000e\000l}{chapter.150}% 57
\BOOKMARK [1][-]{section.161}{\376\377\000I\000n\000f\000e\000r\000r\000i\000n\000g\000\040\000S\000h\000i\000f\000t\000-\000R\000e\000g\000i\000s\000t\000e\000r\000s}{chapter.150}% 58
\BOOKMARK [1][-]{section.183}{\376\377\000R\000e\000c\000o\000n\000f\000i\000g\000u\000r\000i\000n\000g\000\040\000t\000h\000e\000\040\000F\000P\000G\000A}{chapter.150}% 59
\BOOKMARK [1][-]{section.184}{\376\377\000L\000o\000o\000p\000s}{chapter.150}% 60
\BOOKMARK [1][-]{section.201}{\376\377\000L\000o\000o\000p\000-\000C\000a\000r\000r\000i\000e\000d\000\040\000M\000e\000m\000o\000r\000y\000\040\000D\000e\000p\000e\000n\000d\000e\000n\000c\000i\000e\000s}{chapter.150}% 61
\BOOKMARK [1][-]{section.260}{\376\377\000U\000s\000i\000n\000g\000\040\000M\000u\000l\000t\000i\000p\000l\000e\000\040\000Q\000u\000e\000u\000e\000s}{chapter.150}% 62
\BOOKMARK [0][-]{chapter.261}{\376\377\000C\000o\000n\000c\000l\000u\000s\000i\000o\000n}{}% 63
\BOOKMARK [0][-]{appendix*.262}{\376\377\000B\000i\000b\000l\000i\000o\000g\000r\000a\000p\000h\000y}{}% 64
